<?xml version="1.0" encoding="UTF-8"?>
<!-- Generated by org.testng.reporters.JUnitXMLReporter -->
<testsuite ignored="1" hostname="BHAVNAWKS520" failures="0" tests="1" name="Default test" time="12.371" errors="0" timestamp="11 Mar 2021 12:53:47 GMT">
  <testcase classname="com.rrr.tests.LoginPageTests" name="userShouldBeAbleToLoginWithValidCredentials" time="3.571"/>
  <testcase classname="com.rrr.tests.LoginPageTests" name="validateLoginPageTitle" time="0.0">
    <ignored/>
  </testcase> <!-- validateLoginPageTitle -->
</testsuite> <!-- Default test -->
