<?xml version="1.0" encoding="UTF-8"?>
<!-- Generated by org.testng.reporters.JUnitXMLReporter -->
<testsuite ignored="0" hostname="BHAVNAWKS520" failures="0" tests="6" name="Test" time="68.899" errors="0" timestamp="11 Mar 2021 12:55:41 GMT">
  <testcase classname="com.rrr.tests.ContactsPageTests" name="validateContactsPageURL" time="5.0"/>
  <testcase classname="com.rrr.tests.LandingPageTests" name="validateLandingPageTitle" time="0.012"/>
  <testcase classname="com.rrr.tests.LoginPageTests" name="validateLoginPageTitle" time="3.19"/>
  <testcase classname="com.rrr.tests.HomePageTests" name="userShouldBeRedirectedToContactsPageOnClickingContacts" time="5.235"/>
  <testcase classname="com.rrr.tests.LandingPageTests" name="userShouldBeNavigatedToLoginPageOnClickingLoginButtonOnLangingPage" time="4.421"/>
  <testcase classname="com.rrr.tests.LoginPageTests" name="userShouldBeAbleToLoginWithValidCredentials" time="3.547"/>
</testsuite> <!-- Test -->
